

Started GET "/kudos" for 127.0.0.1 at Thu Oct 13 15:48:09 -0500 2011

ActionController::RoutingError (No route matches [GET] "/kudos"):
  

Rendered /Users/ryan/Projects/devise_oauth2_providable/devise/ruby/1.8/gems/actionpack-3.1.1/lib/action_dispatch/middleware/templates/rescues/routing_error.erb within rescues/layout (2.5ms)


Started GET "/" for 127.0.0.1 at Thu Oct 13 15:48:09 -0500 2011

ActionController::RoutingError (No route matches [GET] "/"):
  

Rendered /Users/ryan/Projects/devise_oauth2_providable/devise/ruby/1.8/gems/actionpack-3.1.1/lib/action_dispatch/middleware/templates/rescues/routing_error.erb within rescues/layout (0.5ms)


Started GET "/oaut" for 127.0.0.1 at Thu Oct 13 15:48:12 -0500 2011

ActionController::RoutingError (No route matches [GET] "/oaut"):
  

Rendered /Users/ryan/Projects/devise_oauth2_providable/devise/ruby/1.8/gems/actionpack-3.1.1/lib/action_dispatch/middleware/templates/rescues/routing_error.erb within rescues/layout (0.6ms)


Started GET "/oauth2" for 127.0.0.1 at Thu Oct 13 15:48:12 -0500 2011

ActionController::RoutingError (No route matches [GET] "/oauth2"):
  

Rendered /Users/ryan/Projects/devise_oauth2_providable/devise/ruby/1.8/gems/actionpack-3.1.1/lib/action_dispatch/middleware/templates/rescues/routing_error.erb within rescues/layout (0.5ms)


Started GET "/oauth2/" for 127.0.0.1 at Thu Oct 13 15:48:12 -0500 2011

ActionController::RoutingError (No route matches [GET] "/oauth2"):
  

Rendered /Users/ryan/Projects/devise_oauth2_providable/devise/ruby/1.8/gems/actionpack-3.1.1/lib/action_dispatch/middleware/templates/rescues/routing_error.erb within rescues/layout (0.5ms)


Started GET "/oauth2/au" for 127.0.0.1 at Thu Oct 13 15:48:16 -0500 2011

ActionController::RoutingError (No route matches [GET] "/oauth2/au"):
  

Rendered /Users/ryan/Projects/devise_oauth2_providable/devise/ruby/1.8/gems/actionpack-3.1.1/lib/action_dispatch/middleware/templates/rescues/routing_error.erb within rescues/layout (0.6ms)


Started GET "/oauth2/authorize" for 127.0.0.1 at Thu Oct 13 15:48:17 -0500 2011

ActionController::RoutingError (No route matches [GET] "/oauth2/authorize"):
  

Rendered /Users/ryan/Projects/devise_oauth2_providable/devise/ruby/1.8/gems/actionpack-3.1.1/lib/action_dispatch/middleware/templates/rescues/routing_error.erb within rescues/layout (0.7ms)


Started GET "/kudos" for 127.0.0.1 at Thu Oct 13 15:58:41 -0500 2011

ActionController::RoutingError (No route matches [GET] "/kudos"):
  

Rendered /Users/ryan/Projects/devise_oauth2_providable/devise/ruby/1.8/gems/actionpack-3.1.1/lib/action_dispatch/middleware/templates/rescues/routing_error.erb within rescues/layout (2.7ms)


Started GET "/" for 127.0.0.1 at Thu Oct 13 15:58:41 -0500 2011

ActionController::RoutingError (No route matches [GET] "/"):
  

Rendered /Users/ryan/Projects/devise_oauth2_providable/devise/ruby/1.8/gems/actionpack-3.1.1/lib/action_dispatch/middleware/templates/rescues/routing_error.erb within rescues/layout (0.5ms)


Started GET "/oauth" for 127.0.0.1 at Thu Oct 13 15:58:42 -0500 2011

ActionController::RoutingError (No route matches [GET] "/oauth"):
  

Rendered /Users/ryan/Projects/devise_oauth2_providable/devise/ruby/1.8/gems/actionpack-3.1.1/lib/action_dispatch/middleware/templates/rescues/routing_error.erb within rescues/layout (0.5ms)


Started GET "/oauth2/" for 127.0.0.1 at Thu Oct 13 15:58:43 -0500 2011

ActionController::RoutingError (No route matches [GET] "/oauth2"):
  

Rendered /Users/ryan/Projects/devise_oauth2_providable/devise/ruby/1.8/gems/actionpack-3.1.1/lib/action_dispatch/middleware/templates/rescues/routing_error.erb within rescues/layout (0.5ms)


Started GET "/oauth2/aut" for 127.0.0.1 at Thu Oct 13 15:58:44 -0500 2011

ActionController::RoutingError (No route matches [GET] "/oauth2/aut"):
  

Rendered /Users/ryan/Projects/devise_oauth2_providable/devise/ruby/1.8/gems/actionpack-3.1.1/lib/action_dispatch/middleware/templates/rescues/routing_error.erb within rescues/layout (0.5ms)


Started GET "/oauth2/author" for 127.0.0.1 at Thu Oct 13 15:58:44 -0500 2011

ActionController::RoutingError (No route matches [GET] "/oauth2/author"):
  

Rendered /Users/ryan/Projects/devise_oauth2_providable/devise/ruby/1.8/gems/actionpack-3.1.1/lib/action_dispatch/middleware/templates/rescues/routing_error.erb within rescues/layout (0.5ms)


Started GET "/oauth2/authorize" for 127.0.0.1 at Thu Oct 13 15:58:45 -0500 2011

ActionController::RoutingError (No route matches [GET] "/oauth2/authorize"):
  

Rendered /Users/ryan/Projects/devise_oauth2_providable/devise/ruby/1.8/gems/actionpack-3.1.1/lib/action_dispatch/middleware/templates/rescues/routing_error.erb within rescues/layout (58.7ms)


Started GET "/oauth2/" for 127.0.0.1 at Thu Oct 13 15:58:59 -0500 2011

ActionController::RoutingError (No route matches [GET] "/oauth2"):
  

Rendered /Users/ryan/Projects/devise_oauth2_providable/devise/ruby/1.8/gems/actionpack-3.1.1/lib/action_dispatch/middleware/templates/rescues/routing_error.erb within rescues/layout (0.6ms)


Started GET "/oauth2" for 127.0.0.1 at Thu Oct 13 15:58:59 -0500 2011

ActionController::RoutingError (No route matches [GET] "/oauth2"):
  

Rendered /Users/ryan/Projects/devise_oauth2_providable/devise/ruby/1.8/gems/actionpack-3.1.1/lib/action_dispatch/middleware/templates/rescues/routing_error.erb within rescues/layout (0.5ms)


Started GET "/oauth2" for 127.0.0.1 at Thu Oct 13 15:59:11 -0500 2011

ActionController::RoutingError (No route matches [GET] "/oauth2"):
  

Rendered /Users/ryan/Projects/devise_oauth2_providable/devise/ruby/1.8/gems/actionpack-3.1.1/lib/action_dispatch/middleware/templates/rescues/routing_error.erb within rescues/layout (0.6ms)


Started GET "/oauth2" for 127.0.0.1 at Thu Oct 13 15:59:21 -0500 2011

ActionController::RoutingError (No route matches [GET] "/oauth2"):
  

Rendered /Users/ryan/Projects/devise_oauth2_providable/devise/ruby/1.8/gems/actionpack-3.1.1/lib/action_dispatch/middleware/templates/rescues/routing_error.erb within rescues/layout (0.5ms)


Started GET "/oauth2/authorize" for 127.0.0.1 at Thu Oct 13 15:59:22 -0500 2011

ActionController::RoutingError (No route matches [GET] "/oauth2/authorize"):
  

Rendered /Users/ryan/Projects/devise_oauth2_providable/devise/ruby/1.8/gems/actionpack-3.1.1/lib/action_dispatch/middleware/templates/rescues/routing_error.erb within rescues/layout (0.5ms)
